Flow report for De0LEDPanel
Sun Aug 28 15:29:04 2016
Quartus Prime Version 16.0.0 Build 211 04/27/2016 SJ Lite Edition


---------------------
; Table of Contents ;
---------------------
  1. Legal Notice
  2. Flow Summary
  3. Flow Settings
  4. Flow Non-Default Global Settings
  5. Flow Elapsed Time
  6. Flow OS Summary
  7. Flow Log
  8. Flow Messages
  9. Flow Suppressed Messages



----------------
; Legal Notice ;
----------------
Copyright (C) 1991-2016 Altera Corporation. All rights reserved.
Your use of Altera Corporation's design tools, logic functions 
and other software and tools, and its AMPP partner logic 
functions, and any output files from any of the foregoing 
(including device programming or simulation files), and any 
associated documentation or information are expressly subject 
to the terms and conditions of the Altera Program License 
Subscription Agreement, the Altera Quartus Prime License Agreement,
the Altera MegaCore Function License Agreement, or other 
applicable license agreement, including, without limitation, 
that your use is for the sole purpose of programming logic 
devices manufactured by Altera and sold by Altera or its 
authorized distributors.  Please refer to the applicable 
agreement for further details.



+----------------------------------------------------------------------------------+
; Flow Summary                                                                     ;
+------------------------------------+---------------------------------------------+
; Flow Status                        ; Successful - Sun Aug 28 15:28:57 2016       ;
; Quartus Prime Version              ; 16.0.0 Build 211 04/27/2016 SJ Lite Edition ;
; Revision Name                      ; De0LEDPanel                                 ;
; Top-level Entity Name              ; De0LEDPanel                                 ;
; Family                             ; Cyclone IV E                                ;
; Device                             ; EP4CE22F17C6                                ;
; Timing Models                      ; Final                                       ;
; Total logic elements               ; 3,695 / 22,320 ( 17 % )                     ;
;     Total combinational functions  ; 3,410 / 22,320 ( 15 % )                     ;
;     Dedicated logic registers      ; 1,782 / 22,320 ( 8 % )                      ;
; Total registers                    ; 1782                                        ;
; Total pins                         ; 26 / 154 ( 17 % )                           ;
; Total virtual pins                 ; 0                                           ;
; Total memory bits                  ; 307,840 / 608,256 ( 51 % )                  ;
; Embedded Multiplier 9-bit elements ; 4 / 132 ( 3 % )                             ;
; Total PLLs                         ; 1 / 4 ( 25 % )                              ;
+------------------------------------+---------------------------------------------+


+-----------------------------------------+
; Flow Settings                           ;
+-------------------+---------------------+
; Option            ; Setting             ;
+-------------------+---------------------+
; Start date & time ; 08/28/2016 15:26:57 ;
; Main task         ; Compilation         ;
; Revision Name     ; De0LEDPanel         ;
+-------------------+---------------------+


+---------------------------------------------------------------------------------------------------------------------------------------------+
; Flow Non-Default Global Settings                                                                                                            ;
+--------------------------------------+-------------------------------------------------------+---------------+-------------+----------------+
; Assignment Name                      ; Value                                                 ; Default Value ; Entity Name ; Section Id     ;
+--------------------------------------+-------------------------------------------------------+---------------+-------------+----------------+
; COMPILER_SIGNATURE_ID                ; 115129180079057.147239081710888                       ; --            ; --          ; --             ;
; EDA_DESIGN_INSTANCE_NAME             ; NA                                                    ; --            ; --          ; led_panel_tb   ;
; EDA_NATIVELINK_SIMULATION_TEST_BENCH ; led_panel_tb                                          ; --            ; --          ; eda_simulation ;
; EDA_OUTPUT_DATA_FORMAT               ; None                                                  ; --            ; --          ; eda_simulation ;
; EDA_TEST_BENCH_ENABLE_STATUS         ; TEST_BENCH_MODE                                       ; --            ; --          ; eda_simulation ;
; EDA_TEST_BENCH_FILE                  ; simulation/modelsim/led_panel_tb.v                    ; --            ; --          ; led_panel_tb   ;
; EDA_TEST_BENCH_MODULE_NAME           ; led_panel_tb                                          ; --            ; --          ; led_panel_tb   ;
; EDA_TEST_BENCH_NAME                  ; led_panel_tb                                          ; --            ; --          ; eda_simulation ;
; EDA_TIME_SCALE                       ; 1 ns                                                  ; --            ; --          ; eda_simulation ;
; MAX_CORE_JUNCTION_TEMP               ; 85                                                    ; --            ; --          ; --             ;
; MIN_CORE_JUNCTION_TEMP               ; 0                                                     ; --            ; --          ; --             ;
; MISC_FILE                            ; cpu/synthesis/../cpu.cmp                              ; --            ; --          ; --             ;
; MISC_FILE                            ; cpu/synthesis/../../cpu.qsys                          ; --            ; --          ; --             ;
; MISC_FILE                            ; pll.bsf                                               ; --            ; --          ; --             ;
; MISC_FILE                            ; pll_bb.v                                              ; --            ; --          ; --             ;
; MISC_FILE                            ; pll.ppf                                               ; --            ; --          ; --             ;
; MISC_FILE                            ; dpram.bsf                                             ; --            ; --          ; --             ;
; MISC_FILE                            ; dpram_bb.v                                            ; --            ; --          ; --             ;
; PARTITION_COLOR                      ; 16764057                                              ; --            ; --          ; Top            ;
; PARTITION_FITTER_PRESERVATION_LEVEL  ; PLACEMENT_AND_ROUTING                                 ; --            ; --          ; Top            ;
; PARTITION_NETLIST_TYPE               ; SOURCE                                                ; --            ; --          ; Top            ;
; POWER_BOARD_THERMAL_MODEL            ; None (CONSERVATIVE)                                   ; --            ; --          ; --             ;
; POWER_PRESET_COOLING_SOLUTION        ; 23 MM HEAT SINK WITH 200 LFPM AIRFLOW                 ; --            ; --          ; --             ;
; SLD_FILE                             ; cpu/synthesis/cpu.regmap                              ; --            ; --          ; --             ;
; SLD_FILE                             ; cpu/synthesis/cpu.debuginfo                           ; --            ; --          ; --             ;
; SLD_INFO                             ; QSYS_NAME cpu HAS_SOPCINFO 1 GENERATION_ID 1472390774 ; --            ; cpu         ; --             ;
; SOPCINFO_FILE                        ; cpu/synthesis/../../cpu.sopcinfo                      ; --            ; --          ; --             ;
; SYNTHESIS_ONLY_QIP                   ; On                                                    ; --            ; --          ; --             ;
+--------------------------------------+-------------------------------------------------------+---------------+-------------+----------------+


+-------------------------------------------------------------------------------------------------------------------------------+
; Flow Elapsed Time                                                                                                             ;
+---------------------------+--------------+-------------------------+---------------------+------------------------------------+
; Module Name               ; Elapsed Time ; Average Processors Used ; Peak Virtual Memory ; Total CPU Time (on all processors) ;
+---------------------------+--------------+-------------------------+---------------------+------------------------------------+
; Analysis & Synthesis      ; 00:01:23     ; 1.0                     ; 1040 MB             ; 00:02:11                           ;
; Fitter                    ; 00:00:26     ; 1.1                     ; 1469 MB             ; 00:00:32                           ;
; Assembler                 ; 00:00:03     ; 1.0                     ; 788 MB              ; 00:00:03                           ;
; TimeQuest Timing Analyzer ; 00:00:06     ; 1.2                     ; 931 MB              ; 00:00:07                           ;
; Total                     ; 00:01:58     ; --                      ; --                  ; 00:02:53                           ;
+---------------------------+--------------+-------------------------+---------------------+------------------------------------+


+----------------------------------------------------------------------------------------+
; Flow OS Summary                                                                        ;
+---------------------------+------------------+-----------+------------+----------------+
; Module Name               ; Machine Hostname ; OS Name   ; OS Version ; Processor type ;
+---------------------------+------------------+-----------+------------+----------------+
; Analysis & Synthesis      ; HACKBRETT        ; Windows 8 ; 6.2        ; x86_64         ;
; Fitter                    ; HACKBRETT        ; Windows 8 ; 6.2        ; x86_64         ;
; Assembler                 ; HACKBRETT        ; Windows 8 ; 6.2        ; x86_64         ;
; TimeQuest Timing Analyzer ; HACKBRETT        ; Windows 8 ; 6.2        ; x86_64         ;
+---------------------------+------------------+-----------+------------+----------------+


------------
; Flow Log ;
------------
quartus_map --read_settings_files=on --write_settings_files=off De0LEDPanel -c De0LEDPanel
quartus_fit --read_settings_files=off --write_settings_files=off De0LEDPanel -c De0LEDPanel
quartus_asm --read_settings_files=off --write_settings_files=off De0LEDPanel -c De0LEDPanel
quartus_sta De0LEDPanel -c De0LEDPanel



